<?xml version="1.0" encoding="UTF-8"?>
<!-- Generated by org.testng.reporters.JUnitReportReporter -->
<testsuite hostname="IN-4DJ9WP3" failures="0" tests="14" name="runner.TestRunner" time="55.008" errors="0" timestamp="2023-09-25T12:31:25 IST" skipped="0">
  <testcase classname="runner.TestRunner" name="runScenario" time="3.627"/>
  <system-out/>
  <testcase classname="runner.TestRunner" name="runScenario" time="3.741"/>
  <system-out/>
  <testcase classname="runner.TestRunner" name="runScenario" time="3.255"/>
  <system-out/>
  <testcase classname="runner.TestRunner" name="runScenario" time="3.649"/>
  <system-out/>
  <testcase classname="runner.TestRunner" name="runScenario" time="4.954"/>
  <system-out/>
  <testcase classname="runner.TestRunner" name="runScenario" time="4.561"/>
  <system-out/>
  <testcase classname="runner.TestRunner" name="runScenario" time="4.727"/>
  <system-out/>
  <testcase classname="runner.TestRunner" name="runScenario" time="4.582"/>
  <system-out/>
  <testcase classname="runner.TestRunner" name="runScenario" time="3.113"/>
  <system-out/>
  <testcase classname="runner.TestRunner" name="runScenario" time="3.719"/>
  <system-out/>
  <testcase classname="runner.TestRunner" name="runScenario" time="2.929"/>
  <system-out/>
  <testcase classname="runner.TestRunner" name="runScenario" time="3.750"/>
  <system-out/>
  <testcase classname="runner.TestRunner" name="runScenario" time="3.925"/>
  <system-out/>
  <testcase classname="runner.TestRunner" name="runScenario" time="4.476"/>
  <system-out/>
</testsuite> <!-- runner.TestRunner -->
